[00:55:25] [main/INFO]: Setting user: ForgeDevName
[00:55:26] [Client thread/INFO]: LWJGL Version: 2.9.1
[00:55:31] [Client thread/INFO]: Reloading ResourceManager: Default, FMLFileResourcePack:Forge Mod Loader, FMLFileResourcePack:Minecraft Forge, FMLFileResourcePack:Medals Mod
[00:55:31] [Client thread/WARN]: ResourcePack: ignored non-lowercase namespace: %s in %s
[00:55:32] [Sound Library Loader/INFO]: Sound engine started
[00:55:32] [Client thread/INFO]: Created: 512x256 textures/blocks-atlas
[00:55:32] [Client thread/ERROR]: Using missing texture, unable to load medalsmod:textures/items/goldMedal.png
java.io.FileNotFoundException: medalsmod:textures/items/goldMedal.png
	at net.minecraft.client.resources.SimpleReloadableResourceManager.getResource(SimpleReloadableResourceManager.java:71) ~[SimpleReloadableResourceManager.class:?]
	at net.minecraft.client.renderer.texture.TextureMap.loadTextureAtlas(TextureMap.java:126) [TextureMap.class:?]
	at net.minecraft.client.renderer.texture.TextureMap.loadTexture(TextureMap.java:91) [TextureMap.class:?]
	at net.minecraft.client.renderer.texture.TextureManager.loadTexture(TextureManager.java:89) [TextureManager.class:?]
	at net.minecraft.client.renderer.texture.TextureManager.loadTickableTexture(TextureManager.java:71) [TextureManager.class:?]
	at net.minecraft.client.renderer.texture.TextureManager.loadTextureMap(TextureManager.java:58) [TextureManager.class:?]
	at net.minecraft.client.Minecraft.startGame(Minecraft.java:593) [Minecraft.class:?]
	at net.minecraft.client.Minecraft.run(Minecraft.java:941) [Minecraft.class:?]
	at net.minecraft.client.main.Main.main(Main.java:164) [Main.class:?]
	at sun.reflect.NativeMethodAccessorImpl.invoke0(Native Method) ~[?:1.7.0_67]
	at sun.reflect.NativeMethodAccessorImpl.invoke(NativeMethodAccessorImpl.java:57) ~[?:1.7.0_67]
	at sun.reflect.DelegatingMethodAccessorImpl.invoke(DelegatingMethodAccessorImpl.java:43) ~[?:1.7.0_67]
	at java.lang.reflect.Method.invoke(Method.java:606) ~[?:1.7.0_67]
	at net.minecraft.launchwrapper.Launch.launch(Launch.java:134) [launchwrapper-1.9.jar:?]
	at net.minecraft.launchwrapper.Launch.main(Launch.java:28) [launchwrapper-1.9.jar:?]
	at sun.reflect.NativeMethodAccessorImpl.invoke0(Native Method) ~[?:1.7.0_67]
	at sun.reflect.NativeMethodAccessorImpl.invoke(NativeMethodAccessorImpl.java:57) ~[?:1.7.0_67]
	at sun.reflect.DelegatingMethodAccessorImpl.invoke(DelegatingMethodAccessorImpl.java:43) ~[?:1.7.0_67]
	at java.lang.reflect.Method.invoke(Method.java:606) ~[?:1.7.0_67]
	at GradleStart.bounce(GradleStart.java:108) [start/:?]
	at GradleStart.startClient(GradleStart.java:101) [start/:?]
	at GradleStart.main(GradleStart.java:56) [start/:?]
	at sun.reflect.NativeMethodAccessorImpl.invoke0(Native Method) ~[?:1.7.0_67]
	at sun.reflect.NativeMethodAccessorImpl.invoke(NativeMethodAccessorImpl.java:57) ~[?:1.7.0_67]
	at sun.reflect.DelegatingMethodAccessorImpl.invoke(DelegatingMethodAccessorImpl.java:43) ~[?:1.7.0_67]
	at java.lang.reflect.Method.invoke(Method.java:606) ~[?:1.7.0_67]
	at com.intellij.rt.execution.application.AppMain.main(AppMain.java:134) [idea_rt.jar:?]
[00:55:33] [Client thread/INFO]: Created: 256x256 textures/items-atlas
[00:55:33] [Client thread/INFO]: Reloading ResourceManager: Default, FMLFileResourcePack:Forge Mod Loader, FMLFileResourcePack:Minecraft Forge, FMLFileResourcePack:Medals Mod
[00:55:33] [Client thread/WARN]: ResourcePack: ignored non-lowercase namespace: %s in %s
[00:55:33] [Client thread/ERROR]: Using missing texture, unable to load medalsmod:textures/items/goldMedal.png
java.io.FileNotFoundException: medalsmod:textures/items/goldMedal.png
	at net.minecraft.client.resources.SimpleReloadableResourceManager.getResource(SimpleReloadableResourceManager.java:71) ~[SimpleReloadableResourceManager.class:?]
	at net.minecraft.client.renderer.texture.TextureMap.loadTextureAtlas(TextureMap.java:126) [TextureMap.class:?]
	at net.minecraft.client.renderer.texture.TextureMap.loadTexture(TextureMap.java:91) [TextureMap.class:?]
	at net.minecraft.client.renderer.texture.TextureManager.loadTexture(TextureManager.java:89) [TextureManager.class:?]
	at net.minecraft.client.renderer.texture.TextureManager.onResourceManagerReload(TextureManager.java:170) [TextureManager.class:?]
	at net.minecraft.client.resources.SimpleReloadableResourceManager.notifyReloadListeners(SimpleReloadableResourceManager.java:134) [SimpleReloadableResourceManager.class:?]
	at net.minecraft.client.resources.SimpleReloadableResourceManager.reloadResources(SimpleReloadableResourceManager.java:118) [SimpleReloadableResourceManager.class:?]
	at net.minecraft.client.Minecraft.refreshResources(Minecraft.java:653) [Minecraft.class:?]
	at cpw.mods.fml.client.FMLClientHandler.finishMinecraftLoading(FMLClientHandler.java:303) [FMLClientHandler.class:?]
	at net.minecraft.client.Minecraft.startGame(Minecraft.java:596) [Minecraft.class:?]
	at net.minecraft.client.Minecraft.run(Minecraft.java:941) [Minecraft.class:?]
	at net.minecraft.client.main.Main.main(Main.java:164) [Main.class:?]
	at sun.reflect.NativeMethodAccessorImpl.invoke0(Native Method) ~[?:1.7.0_67]
	at sun.reflect.NativeMethodAccessorImpl.invoke(NativeMethodAccessorImpl.java:57) ~[?:1.7.0_67]
	at sun.reflect.DelegatingMethodAccessorImpl.invoke(DelegatingMethodAccessorImpl.java:43) ~[?:1.7.0_67]
	at java.lang.reflect.Method.invoke(Method.java:606) ~[?:1.7.0_67]
	at net.minecraft.launchwrapper.Launch.launch(Launch.java:134) [launchwrapper-1.9.jar:?]
	at net.minecraft.launchwrapper.Launch.main(Launch.java:28) [launchwrapper-1.9.jar:?]
	at sun.reflect.NativeMethodAccessorImpl.invoke0(Native Method) ~[?:1.7.0_67]
	at sun.reflect.NativeMethodAccessorImpl.invoke(NativeMethodAccessorImpl.java:57) ~[?:1.7.0_67]
	at sun.reflect.DelegatingMethodAccessorImpl.invoke(DelegatingMethodAccessorImpl.java:43) ~[?:1.7.0_67]
	at java.lang.reflect.Method.invoke(Method.java:606) ~[?:1.7.0_67]
	at GradleStart.bounce(GradleStart.java:108) [start/:?]
	at GradleStart.startClient(GradleStart.java:101) [start/:?]
	at GradleStart.main(GradleStart.java:56) [start/:?]
	at sun.reflect.NativeMethodAccessorImpl.invoke0(Native Method) ~[?:1.7.0_67]
	at sun.reflect.NativeMethodAccessorImpl.invoke(NativeMethodAccessorImpl.java:57) ~[?:1.7.0_67]
	at sun.reflect.DelegatingMethodAccessorImpl.invoke(DelegatingMethodAccessorImpl.java:43) ~[?:1.7.0_67]
	at java.lang.reflect.Method.invoke(Method.java:606) ~[?:1.7.0_67]
	at com.intellij.rt.execution.application.AppMain.main(AppMain.java:134) [idea_rt.jar:?]
[00:55:33] [Client thread/INFO]: Created: 256x256 textures/items-atlas
[00:55:33] [Client thread/INFO]: Created: 512x256 textures/blocks-atlas
[00:55:34] [Sound Library Loader/INFO]: Sound engine started
[00:55:43] [Server thread/INFO]: Starting integrated minecraft server version 1.7.10
[00:55:43] [Server thread/INFO]: Generating keypair
[00:55:44] [Server thread/INFO]: Preparing start region for level 0
[00:55:44] [Server thread/INFO]: Changing view distance to 12, from 10
[00:55:45] [Server thread/INFO]: ForgeDevName[local:E:4d82c587] logged in with entity id 233 at (713.2124297408683, 4.0, -50.24859309049018)
[00:55:45] [Server thread/INFO]: ForgeDevName joined the game
[00:55:51] [Client thread/INFO]: Stopping!
[00:55:51] [Server thread/INFO]: Stopping server
[00:55:51] [Server thread/INFO]: Saving players
[00:55:51] [Server thread/INFO]: Saving worlds
[00:55:51] [Server thread/INFO]: Saving chunks for level 'New World'/Overworld
[00:55:51] [Server thread/INFO]: Saving chunks for level 'New World'/Nether
[00:55:51] [Server thread/INFO]: Saving chunks for level 'New World'/The End
[00:55:51] [Client Shutdown Thread/INFO]: Stopping server
[00:55:51] [Client Shutdown Thread/INFO]: Saving players
